This is XeTeX, Version 3.14159265-2.6-0.999991 (TeX Live 2019/Debian) (preloaded format=xelatex 2021.5.9)  13 MAY 2022 10:51
entering extended mode
 restricted \write18 enabled.
 %&-line parsing enabled.
**EXAMEN_PARCIAL_2.tex
(./EXAMEN_PARCIAL_2.tex
LaTeX2e <2020-02-02> patch level 2
L3 programming layer <2020-02-14>
(/usr/share/texlive/texmf-dist/tex/latex/base/article.cls
Document Class: article 2019/12/20 v1.4l Standard LaTeX document class
(/usr/share/texlive/texmf-dist/tex/latex/base/size10.clo
File: size10.clo 2019/12/20 v1.4l Standard LaTeX file (size option)
)
\c@part=\count163
\c@section=\count164
\c@subsection=\count165
\c@subsubsection=\count166
\c@paragraph=\count167
\c@subparagraph=\count168
\c@figure=\count169
\c@table=\count170
\abovecaptionskip=\skip47
\belowcaptionskip=\skip48
\bibindent=\dimen134
) (./preamble.tex
(/usr/share/texlive/texmf-dist/tex/latex/amsfonts/amsfonts.sty
Package: amsfonts 2013/01/14 v3.01 Basic AMSFonts support
\@emptytoks=\toks14
\symAMSa=\mathgroup4
\symAMSb=\mathgroup5
LaTeX Font Info:    Redeclaring math symbol \hbar on input line 98.
LaTeX Font Info:    Overwriting math alphabet `\mathfrak' in version `bold'
(Font)                  U/euf/m/n --> U/euf/b/n on input line 106.
)
(/usr/share/texlive/texmf-dist/tex/latex/amsmath/amsmath.sty
Package: amsmath 2020/01/20 v2.17e AMS math features
\@mathmargin=\skip49

For additional information on amsmath, use the `?' option.
(/usr/share/texlive/texmf-dist/tex/latex/amsmath/amstext.sty
Package: amstext 2000/06/29 v2.01 AMS text

(/usr/share/texlive/texmf-dist/tex/latex/amsmath/amsgen.sty
File: amsgen.sty 1999/11/30 v2.0 generic functions
\@emptytoks=\toks15
\ex@=\dimen135
))
(/usr/share/texlive/texmf-dist/tex/latex/amsmath/amsbsy.sty
Package: amsbsy 1999/11/29 v1.2d Bold Symbols
\pmbraise@=\dimen136
)
(/usr/share/texlive/texmf-dist/tex/latex/amsmath/amsopn.sty
Package: amsopn 2016/03/08 v2.02 operator names
)
\inf@bad=\count171
LaTeX Info: Redefining \frac on input line 227.
\uproot@=\count172
\leftroot@=\count173
LaTeX Info: Redefining \overline on input line 389.
\classnum@=\count174
\DOTSCASE@=\count175
LaTeX Info: Redefining \ldots on input line 486.
LaTeX Info: Redefining \dots on input line 489.
LaTeX Info: Redefining \cdots on input line 610.
\Mathstrutbox@=\box45
\strutbox@=\box46
\big@size=\dimen137
LaTeX Font Info:    Redeclaring font encoding OML on input line 733.
LaTeX Font Info:    Redeclaring font encoding OMS on input line 734.
\macc@depth=\count176
\c@MaxMatrixCols=\count177
\dotsspace@=\muskip16
\c@parentequation=\count178
\dspbrk@lvl=\count179
\tag@help=\toks16
\row@=\count180
\column@=\count181
\maxfields@=\count182
\andhelp@=\toks17
\eqnshift@=\dimen138
\alignsep@=\dimen139
\tagshift@=\dimen140
\tagwidth@=\dimen141
\totwidth@=\dimen142
\lineht@=\dimen143
\@envbody=\toks18
\multlinegap=\skip50
\multlinetaggap=\skip51
\mathdisplay@stack=\toks19
LaTeX Info: Redefining \[ on input line 2859.
LaTeX Info: Redefining \] on input line 2860.
)
(/usr/share/texlive/texmf-dist/tex/latex/amsfonts/amssymb.sty
Package: amssymb 2013/01/14 v3.01 AMS font symbols
)
(/usr/share/texlive/texmf-dist/tex/latex/doublestroke/dsfont.sty
Package: dsfont 1995/08/01 v0.1 Double stroke roman fonts
)
(/usr/share/texlive/texmf-dist/tex/latex/fontspec/fontspec.sty
(/usr/share/texlive/texmf-dist/tex/latex/l3packages/xparse/xparse.sty
(/usr/share/texlive/texmf-dist/tex/latex/l3kernel/expl3.sty
Package: expl3 2020-02-14 L3 programming layer (loader) 

(/usr/share/texlive/texmf-dist/tex/latex/l3backend/l3backend-xdvipdfmx.def
File: l3backend-xdvipdfmx.def 2020-02-03 L3 backend support: xdvipdfmx
\g__graphics_track_int=\count183
\l__pdf_internal_box=\box47
\g__pdf_backend_object_int=\count184
\g__pdf_backend_annotation_int=\count185
))
Package: xparse 2020-02-14 L3 Experimental document command parser
\l__xparse_current_arg_int=\count186
\g__xparse_grabber_int=\count187
\l__xparse_m_args_int=\count188
\l__xparse_v_nesting_int=\count189
)
Package: fontspec 2020/02/03 v2.7h Font selection for XeLaTeX and LuaLaTeX

(/usr/share/texlive/texmf-dist/tex/latex/fontspec/fontspec-xetex.sty
Package: fontspec-xetex 2020/02/03 v2.7h Font selection for XeLaTeX and LuaLaTe
X
\l__fontspec_script_int=\count190
\l__fontspec_language_int=\count191
\l__fontspec_strnum_int=\count192
\l__fontspec_tmp_int=\count193
\l__fontspec_tmpa_int=\count194
\l__fontspec_tmpb_int=\count195
\l__fontspec_tmpc_int=\count196
\l__fontspec_em_int=\count197
\l__fontspec_emdef_int=\count198
\l__fontspec_strong_int=\count199
\l__fontspec_strongdef_int=\count266
\l__fontspec_tmpa_dim=\dimen144
\l__fontspec_tmpb_dim=\dimen145
\l__fontspec_tmpc_dim=\dimen146

(/usr/share/texlive/texmf-dist/tex/latex/base/fontenc.sty
Package: fontenc 2020/02/11 v2.0o Standard LaTeX package
)
(/usr/share/texlive/texmf-dist/tex/latex/fontspec/fontspec.cfg)))
(/usr/share/texlive/texmf-dist/tex/latex/geometry/geometry.sty
Package: geometry 2020/01/02 v5.9 Page Geometry

(/usr/share/texlive/texmf-dist/tex/latex/graphics/keyval.sty
Package: keyval 2014/10/28 v1.15 key=value parser (DPC)
\KV@toks@=\toks20
)
(/usr/share/texlive/texmf-dist/tex/generic/iftex/ifvtex.sty
Package: ifvtex 2019/10/25 v1.7 ifvtex legacy package. Use iftex instead.

(/usr/share/texlive/texmf-dist/tex/generic/iftex/iftex.sty
Package: iftex 2019/11/07 v1.0c TeX engine tests
))
\Gm@cnth=\count267
\Gm@cntv=\count268
\c@Gm@tempcnt=\count269
\Gm@bindingoffset=\dimen147
\Gm@wd@mp=\dimen148
\Gm@odd@mp=\dimen149
\Gm@even@mp=\dimen150
\Gm@layoutwidth=\dimen151
\Gm@layoutheight=\dimen152
\Gm@layouthoffset=\dimen153
\Gm@layoutvoffset=\dimen154
\Gm@dimlist=\toks21
)
(/usr/share/texlive/texmf-dist/tex/latex/graphics/graphicx.sty
Package: graphicx 2019/11/30 v1.2a Enhanced LaTeX Graphics (DPC,SPQR)

(/usr/share/texlive/texmf-dist/tex/latex/graphics/graphics.sty
Package: graphics 2019/11/30 v1.4a Standard LaTeX Graphics (DPC,SPQR)

(/usr/share/texlive/texmf-dist/tex/latex/graphics/trig.sty
Package: trig 2016/01/03 v1.10 sin cos tan (DPC)
)
(/usr/share/texlive/texmf-dist/tex/latex/graphics-cfg/graphics.cfg
File: graphics.cfg 2016/06/04 v1.11 sample graphics configuration
)
Package graphics Info: Driver file: xetex.def on input line 105.

(/usr/share/texlive/texmf-dist/tex/latex/graphics-def/xetex.def
File: xetex.def 2017/06/24 v5.0h Graphics/color driver for xetex
))
\Gin@req@height=\dimen155
\Gin@req@width=\dimen156
)

Package fontspec Info: Font family 'Century_modern.ttf(0)' created for font
(fontspec)             'Century_modern.ttf' with options
(fontspec)             [Ligatures=TeX,BoldFont = bodonibi,ItalicFont = Century
(fontspec)             modern italic2.ttf,BoldItalicFont =
(fontspec)             bodonibi,SmallCapsFont = lmromancaps10-regular.otf].
(fontspec)              
(fontspec)              This font family consists of the following NFSS
(fontspec)             series/shapes:
(fontspec)              
(fontspec)             - 'normal' (m/n) with NFSS spec.:
(fontspec)             <->"[Century_modern.ttf]/OT:script=latn;language=dflt;ma
pping=tex-text;"
(fontspec)             - 'small caps'  (m/sc) with NFSS spec.:
(fontspec)             <->"[lmromancaps10-regular.otf]/OT:script=latn;language=
dflt;mapping=tex-text;"
(fontspec)             - 'bold' (b/n) with NFSS spec.:
(fontspec)             <->"[bodonibi.ttf]/OT:script=latn;language=dflt;mapping=
tex-text;"
(fontspec)             - 'bold small caps'  (b/sc) with NFSS spec.:
(fontspec)             <->"[lmromancaps10-regular.otf]/OT:script=latn;language=
dflt;mapping=tex-text;"
(fontspec)             - 'italic' (m/it) with NFSS spec.: <->"[Century modern
(fontspec)             italic2.ttf]/OT:script=latn;language=dflt;mapping=tex-te
xt;"
(fontspec)             - 'italic small caps'  (m/scit) with NFSS spec.:
(fontspec)             <->"[lmromancaps10-regular.otf]/OT:script=latn;language=
dflt;mapping=tex-text;"
(fontspec)             - 'bold italic' (b/it) with NFSS spec.:
(fontspec)             <->"[bodonibi.ttf]/OT:script=latn;language=dflt;mapping=
tex-text;"
(fontspec)             - 'bold italic small caps'  (b/scit) with NFSS spec.:
(fontspec)             <->"[lmromancaps10-regular.otf]/OT:script=latn;language=
dflt;mapping=tex-text;"

\symitalics=\mathgroup6
LaTeX Font Info:    Redeclaring math alphabet \mathit on input line 51.
)
(./EXAMEN_PARCIAL_2.aux)
\openout1 = `EXAMEN_PARCIAL_2.aux'.

LaTeX Font Info:    Checking defaults for OML/cmm/m/it on input line 3.
LaTeX Font Info:    ... okay on input line 3.
LaTeX Font Info:    Checking defaults for OMS/cmsy/m/n on input line 3.
LaTeX Font Info:    ... okay on input line 3.
LaTeX Font Info:    Checking defaults for OT1/cmr/m/n on input line 3.
LaTeX Font Info:    ... okay on input line 3.
LaTeX Font Info:    Checking defaults for T1/cmr/m/n on input line 3.
LaTeX Font Info:    ... okay on input line 3.
LaTeX Font Info:    Checking defaults for TS1/cmr/m/n on input line 3.
LaTeX Font Info:    Trying to load font information for TS1+cmr on input line 3
.

(/usr/share/texlive/texmf-dist/tex/latex/base/ts1cmr.fd
File: ts1cmr.fd 2019/12/16 v2.5j Standard LaTeX font definitions
)
LaTeX Font Info:    ... okay on input line 3.
LaTeX Font Info:    Checking defaults for TU/lmr/m/n on input line 3.
LaTeX Font Info:    ... okay on input line 3.
LaTeX Font Info:    Checking defaults for OMX/cmex/m/n on input line 3.
LaTeX Font Info:    ... okay on input line 3.
LaTeX Font Info:    Checking defaults for U/cmr/m/n on input line 3.
LaTeX Font Info:    ... okay on input line 3.

Package fontspec Info: Adjusting the maths setup (use [no-math] to avoid
(fontspec)             this).

\symlegacymaths=\mathgroup7
LaTeX Font Info:    Overwriting symbol font `legacymaths' in version `bold'
(Font)                  OT1/cmr/m/n --> OT1/cmr/bx/n on input line 3.
LaTeX Font Info:    Redeclaring math accent \acute on input line 3.
LaTeX Font Info:    Redeclaring math accent \grave on input line 3.
LaTeX Font Info:    Redeclaring math accent \ddot on input line 3.
LaTeX Font Info:    Redeclaring math accent \tilde on input line 3.
LaTeX Font Info:    Redeclaring math accent \bar on input line 3.
LaTeX Font Info:    Redeclaring math accent \breve on input line 3.
LaTeX Font Info:    Redeclaring math accent \check on input line 3.
LaTeX Font Info:    Redeclaring math accent \hat on input line 3.
LaTeX Font Info:    Redeclaring math accent \dot on input line 3.
LaTeX Font Info:    Redeclaring math accent \mathring on input line 3.
LaTeX Font Info:    Redeclaring math symbol \Gamma on input line 3.
LaTeX Font Info:    Redeclaring math symbol \Delta on input line 3.
LaTeX Font Info:    Redeclaring math symbol \Theta on input line 3.
LaTeX Font Info:    Redeclaring math symbol \Lambda on input line 3.
LaTeX Font Info:    Redeclaring math symbol \Xi on input line 3.
LaTeX Font Info:    Redeclaring math symbol \Pi on input line 3.
LaTeX Font Info:    Redeclaring math symbol \Sigma on input line 3.
LaTeX Font Info:    Redeclaring math symbol \Upsilon on input line 3.
LaTeX Font Info:    Redeclaring math symbol \Phi on input line 3.
LaTeX Font Info:    Redeclaring math symbol \Psi on input line 3.
LaTeX Font Info:    Redeclaring math symbol \Omega on input line 3.
LaTeX Font Info:    Redeclaring math symbol \mathdollar on input line 3.
LaTeX Font Info:    Redeclaring symbol font `operators' on input line 3.
LaTeX Font Info:    Encoding `OT1' has changed to `TU' for symbol font
(Font)              `operators' in the math version `normal' on input line 3.
LaTeX Font Info:    Overwriting symbol font `operators' in version `normal'
(Font)                  OT1/cmr/m/n --> TU/Century_modern.ttf(0)/m/n on input l
ine 3.
LaTeX Font Info:    Encoding `OT1' has changed to `TU' for symbol font
(Font)              `operators' in the math version `bold' on input line 3.
LaTeX Font Info:    Overwriting symbol font `operators' in version `bold'
(Font)                  OT1/cmr/bx/n --> TU/Century_modern.ttf(0)/m/n on input 
line 3.
LaTeX Font Info:    Overwriting symbol font `operators' in version `normal'
(Font)                  TU/Century_modern.ttf(0)/m/n --> TU/Century_modern.ttf(
0)/m/n on input line 3.
LaTeX Font Info:    Overwriting math alphabet `\mathit' in version `normal'
(Font)                  TU/Century_modern.ttf(0)/m/it --> TU/Century_modern.ttf
(0)/m/it on input line 3.
LaTeX Font Info:    Overwriting math alphabet `\mathbf' in version `normal'
(Font)                  OT1/cmr/bx/n --> TU/Century_modern.ttf(0)/b/n on input 
line 3.
LaTeX Font Info:    Overwriting math alphabet `\mathsf' in version `normal'
(Font)                  OT1/cmss/m/n --> TU/lmss/m/n on input line 3.
LaTeX Font Info:    Overwriting math alphabet `\mathtt' in version `normal'
(Font)                  OT1/cmtt/m/n --> TU/lmtt/m/n on input line 3.
LaTeX Font Info:    Overwriting symbol font `operators' in version `bold'
(Font)                  TU/Century_modern.ttf(0)/m/n --> TU/Century_modern.ttf(
0)/b/n on input line 3.
LaTeX Font Info:    Overwriting math alphabet `\mathit' in version `bold'
(Font)                  TU/Century_modern.ttf(0)/m/it --> TU/Century_modern.ttf
(0)/b/it on input line 3.
LaTeX Font Info:    Overwriting math alphabet `\mathsf' in version `bold'
(Font)                  OT1/cmss/bx/n --> TU/lmss/b/n on input line 3.
LaTeX Font Info:    Overwriting math alphabet `\mathtt' in version `bold'
(Font)                  OT1/cmtt/m/n --> TU/lmtt/b/n on input line 3.

*geometry* driver: auto-detecting
*geometry* detected driver: xetex
*geometry* verbose mode - [ preamble ] result:
* driver: xetex
* paper: a5paper
* layout: <same size as paper>
* layoutoffset:(h,v)=(0.0pt,0.0pt)
* modes: 
* h-part:(L,W,R)=(21.68121pt, 377.73836pt, 21.68121pt)
* v-part:(T,H,B)=(21.68121pt, 554.14545pt, 21.68121pt)
* \paperwidth=421.10078pt
* \paperheight=597.50787pt
* \textwidth=377.73836pt
* \textheight=554.14545pt
* \oddsidemargin=-50.58878pt
* \evensidemargin=-50.58878pt
* \topmargin=-87.58878pt
* \headheight=12.0pt
* \headsep=25.0pt
* \topskip=10.0pt
* \footskip=30.0pt
* \marginparwidth=3.0pt
* \marginparsep=11.0pt
* \columnsep=10.0pt
* \skip\footins=9.0pt plus 4.0pt minus 2.0pt
* \hoffset=0.0pt
* \voffset=0.0pt
* \mag=1000
* \@twocolumnfalse
* \@twosidefalse
* \@mparswitchfalse
* \@reversemarginfalse
* (1in=72.27pt=25.4mm, 1cm=28.453pt)


Package fontspec Info: Font family 'Century_modern.ttf(1)' created for font
(fontspec)             'Century_modern.ttf' with options
(fontspec)             [Ligatures=TeX,BoldFont = bodonibi,ItalicFont = Century
(fontspec)             modern italic2.ttf,BoldItalicFont =
(fontspec)             bodonibi,SmallCapsFont =
(fontspec)             lmromancaps10-regular.otf,LetterSpace=-5].
(fontspec)              
(fontspec)              This font family consists of the following NFSS
(fontspec)             series/shapes:
(fontspec)              
(fontspec)             - 'normal' (m/n) with NFSS spec.:
(fontspec)             <->"[Century_modern.ttf]/OT:script=latn;language=dflt;le
tterspace=-5;mapping=tex-text;"
(fontspec)             - 'small caps'  (m/sc) with NFSS spec.:
(fontspec)             <->"[lmromancaps10-regular.otf]/OT:script=latn;language=
dflt;letterspace=-5;mapping=tex-text;"
(fontspec)             - 'bold' (b/n) with NFSS spec.:
(fontspec)             <->"[bodonibi.ttf]/OT:script=latn;language=dflt;lettersp
ace=-5;mapping=tex-text;"
(fontspec)             - 'bold small caps'  (b/sc) with NFSS spec.:
(fontspec)             <->"[lmromancaps10-regular.otf]/OT:script=latn;language=
dflt;letterspace=-5;mapping=tex-text;"
(fontspec)             - 'italic' (m/it) with NFSS spec.: <->"[Century modern
(fontspec)             italic2.ttf]/OT:script=latn;language=dflt;letterspace=-5
;mapping=tex-text;"
(fontspec)             - 'italic small caps'  (m/scit) with NFSS spec.:
(fontspec)             <->"[lmromancaps10-regular.otf]/OT:script=latn;language=
dflt;letterspace=-5;mapping=tex-text;"
(fontspec)             - 'bold italic' (b/it) with NFSS spec.:
(fontspec)             <->"[bodonibi.ttf]/OT:script=latn;language=dflt;lettersp
ace=-5;mapping=tex-text;"
(fontspec)             - 'bold italic small caps'  (b/scit) with NFSS spec.:
(fontspec)             <->"[lmromancaps10-regular.otf]/OT:script=latn;language=
dflt;letterspace=-5;mapping=tex-text;"

LaTeX Font Info:    Trying to load font information for U+msa on input line 5.
(/usr/share/texlive/texmf-dist/tex/latex/amsfonts/umsa.fd
File: umsa.fd 2013/01/14 v3.01 AMS symbols A
)
LaTeX Font Info:    Trying to load font information for U+msb on input line 5.

(/usr/share/texlive/texmf-dist/tex/latex/amsfonts/umsb.fd
File: umsb.fd 2013/01/14 v3.01 AMS symbols B
)
LaTeX Font Info:    Trying to load font information for U+dsrom on input line 4
5.

(/usr/share/texlive/texmf-dist/tex/latex/doublestroke/Udsrom.fd
File: Udsrom.fd 1995/08/01 v0.1 Double stroke roman font definitions
)
File: IMAGENES/Sigma.png Graphic file (type bmp)
<IMAGENES/Sigma.png>
File: IMAGENES/Sigma.png Graphic file (type bmp)
<IMAGENES/Sigma.png>
File: IMAGENES/Sigma.png Graphic file (type bmp)
<IMAGENES/Sigma.png>
File: IMAGENES/Sigma.png Graphic file (type bmp)
<IMAGENES/Sigma.png>
 [1

]
File: IMAGENES/Sigma.png Graphic file (type bmp)
<IMAGENES/Sigma.png>
File: IMAGENES/Sigma.png Graphic file (type bmp)
<IMAGENES/Sigma.png>
File: IMAGENES/Sigma.png Graphic file (type bmp)
<IMAGENES/Sigma.png>
File: IMAGENES/Sigma.png Graphic file (type bmp)
<IMAGENES/Sigma.png>
File: IMAGENES/Sigma.png Graphic file (type bmp)
<IMAGENES/Sigma.png>
File: IMAGENES/Sigma.png Graphic file (type bmp)
<IMAGENES/Sigma.png>
File: IMAGENES/Sigma.png Graphic file (type bmp)
<IMAGENES/Sigma.png>
File: IMAGENES/Sigma.png Graphic file (type bmp)
<IMAGENES/Sigma.png>
File: IMAGENES/Sigma.png Graphic file (type bmp)
<IMAGENES/Sigma.png>
File: IMAGENES/Sigma.png Graphic file (type bmp)
<IMAGENES/Sigma.png>
File: IMAGENES/Sigma.png Graphic file (type bmp)
<IMAGENES/Sigma.png>
File: IMAGENES/Sigma.png Graphic file (type bmp)
<IMAGENES/Sigma.png>
File: IMAGENES/Sigma.png Graphic file (type bmp)
<IMAGENES/Sigma.png>
File: IMAGENES/Sigma.png Graphic file (type bmp)
<IMAGENES/Sigma.png>
File: IMAGENES/Sigma.png Graphic file (type bmp)
<IMAGENES/Sigma.png>
File: IMAGENES/Sigma.png Graphic file (type bmp)
<IMAGENES/Sigma.png>
File: IMAGENES/Sigma.png Graphic file (type bmp)
<IMAGENES/Sigma.png>
File: IMAGENES/Sigma.png Graphic file (type bmp)
<IMAGENES/Sigma.png>
File: IMAGENES/Sigma.png Graphic file (type bmp)
<IMAGENES/Sigma.png>
File: IMAGENES/Sigma.png Graphic file (type bmp)
<IMAGENES/Sigma.png>
File: IMAGENES/Sigma.png Graphic file (type bmp)
<IMAGENES/Sigma.png>
File: IMAGENES/Sigma.png Graphic file (type bmp)
<IMAGENES/Sigma.png>
File: IMAGENES/Sigma.png Graphic file (type bmp)
<IMAGENES/Sigma.png>
File: IMAGENES/Sigma.png Graphic file (type bmp)
<IMAGENES/Sigma.png>
File: IMAGENES/Sigma.png Graphic file (type bmp)
<IMAGENES/Sigma.png>
File: IMAGENES/Sigma.png Graphic file (type bmp)
<IMAGENES/Sigma.png>
File: IMAGENES/Sigma.png Graphic file (type bmp)
<IMAGENES/Sigma.png>
File: IMAGENES/Sigma.png Graphic file (type bmp)
<IMAGENES/Sigma.png>

Overfull \hbox (6.79999pt too wide) in paragraph at lines 69--102
[]
 []


Overfull \hbox (6.79999pt too wide) in paragraph at lines 69--102
[] 
 []

[2]
File: IMAGENES/Sigma.png Graphic file (type bmp)
<IMAGENES/Sigma.png>
File: IMAGENES/Sigma.png Graphic file (type bmp)
<IMAGENES/Sigma.png>
File: IMAGENES/Sigma.png Graphic file (type bmp)
<IMAGENES/Sigma.png>
File: IMAGENES/Sigma.png Graphic file (type bmp)
<IMAGENES/Sigma.png>
File: IMAGENES/Sigma.png Graphic file (type bmp)
<IMAGENES/Sigma.png>
File: IMAGENES/Sigma.png Graphic file (type bmp)
<IMAGENES/Sigma.png>
File: IMAGENES/Sigma.png Graphic file (type bmp)
<IMAGENES/Sigma.png>
File: IMAGENES/Sigma.png Graphic file (type bmp)
<IMAGENES/Sigma.png>
File: IMAGENES/Sigma.png Graphic file (type bmp)
<IMAGENES/Sigma.png>
File: IMAGENES/Sigma.png Graphic file (type bmp)
<IMAGENES/Sigma.png>
File: IMAGENES/Sigma.png Graphic file (type bmp)
<IMAGENES/Sigma.png>
File: IMAGENES/Sigma.png Graphic file (type bmp)
<IMAGENES/Sigma.png>
File: IMAGENES/Sigma.png Graphic file (type bmp)
<IMAGENES/Sigma.png>
File: IMAGENES/Sigma.png Graphic file (type bmp)
<IMAGENES/Sigma.png>
File: IMAGENES/Sigma.png Graphic file (type bmp)
<IMAGENES/Sigma.png>
File: IMAGENES/Sigma.png Graphic file (type bmp)
<IMAGENES/Sigma.png>
File: IMAGENES/Sigma.png Graphic file (type bmp)
<IMAGENES/Sigma.png>
File: IMAGENES/Sigma.png Graphic file (type bmp)
<IMAGENES/Sigma.png>
File: IMAGENES/Sigma.png Graphic file (type bmp)
<IMAGENES/Sigma.png>
File: IMAGENES/Sigma.png Graphic file (type bmp)
<IMAGENES/Sigma.png>
File: IMAGENES/Sigma.png Graphic file (type bmp)
<IMAGENES/Sigma.png>
File: IMAGENES/Sigma.png Graphic file (type bmp)
<IMAGENES/Sigma.png>
File: IMAGENES/Sigma.png Graphic file (type bmp)
<IMAGENES/Sigma.png>
File: IMAGENES/Sigma.png Graphic file (type bmp)
<IMAGENES/Sigma.png>
File: IMAGENES/Sigma.png Graphic file (type bmp)
<IMAGENES/Sigma.png>
File: IMAGENES/Sigma.png Graphic file (type bmp)
<IMAGENES/Sigma.png>
File: IMAGENES/Sigma.png Graphic file (type bmp)
<IMAGENES/Sigma.png>
File: IMAGENES/Sigma.png Graphic file (type bmp)
<IMAGENES/Sigma.png>
File: IMAGENES/Sigma.png Graphic file (type bmp)
<IMAGENES/Sigma.png>
File: IMAGENES/Sigma.png Graphic file (type bmp)
<IMAGENES/Sigma.png>
File: IMAGENES/Sigma.png Graphic file (type bmp)
<IMAGENES/Sigma.png>
File: IMAGENES/Sigma.png Graphic file (type bmp)
<IMAGENES/Sigma.png>
File: IMAGENES/Sigma.png Graphic file (type bmp)
<IMAGENES/Sigma.png>
File: IMAGENES/Sigma.png Graphic file (type bmp)
<IMAGENES/Sigma.png>
File: IMAGENES/Sigma.png Graphic file (type bmp)
<IMAGENES/Sigma.png>
File: IMAGENES/Sigma.png Graphic file (type bmp)
<IMAGENES/Sigma.png>
File: IMAGENES/Sigma.png Graphic file (type bmp)
<IMAGENES/Sigma.png>
File: IMAGENES/Sigma.png Graphic file (type bmp)
<IMAGENES/Sigma.png>
File: IMAGENES/Sigma.png Graphic file (type bmp)
<IMAGENES/Sigma.png>
File: IMAGENES/Sigma.png Graphic file (type bmp)
<IMAGENES/Sigma.png>
File: IMAGENES/Sigma.png Graphic file (type bmp)
<IMAGENES/Sigma.png>
File: IMAGENES/Sigma.png Graphic file (type bmp)
<IMAGENES/Sigma.png>
File: IMAGENES/Sigma.png Graphic file (type bmp)
<IMAGENES/Sigma.png>
File: IMAGENES/Sigma.png Graphic file (type bmp)
<IMAGENES/Sigma.png>
File: IMAGENES/Sigma.png Graphic file (type bmp)
<IMAGENES/Sigma.png>
File: IMAGENES/Sigma.png Graphic file (type bmp)
<IMAGENES/Sigma.png>
File: IMAGENES/Sigma.png Graphic file (type bmp)
<IMAGENES/Sigma.png>
File: IMAGENES/Sigma.png Graphic file (type bmp)
<IMAGENES/Sigma.png>

Overfull \hbox (24.63931pt too wide) detected at line 131
 []
 []

[3]
File: IMAGENES/Sigma.png Graphic file (type bmp)
<IMAGENES/Sigma.png>
File: IMAGENES/Sigma.png Graphic file (type bmp)
<IMAGENES/Sigma.png>
File: IMAGENES/Sigma.png Graphic file (type bmp)
<IMAGENES/Sigma.png>
File: IMAGENES/Sigma.png Graphic file (type bmp)
<IMAGENES/Sigma.png>
 [4] (./EXAMEN_PARCIAL_2.aux) ) 
Here is how much of TeX's memory you used:
 5302 strings out of 481772
 132162 string characters out of 5936452
 429998 words of memory out of 5000000
 22226 multiletter control sequences out of 15000+600000
 542637 words of font info for 104 fonts, out of 8000000 for 9000
 14 hyphenation exceptions out of 8191
 46i,12n,69p,351b,333s stack positions out of 5000i,500n,10000p,200000b,80000s

Output written on EXAMEN_PARCIAL_2.pdf (4 pages).
